# JRE version: OpenJDK Runtime Environment (21.0.8) (build 21.0.8+-14196175-b1038.72)
# Java VM: OpenJDK 64-Bit Server VM (21.0.8+-14196175-b1038.72, mixed mode, tiered, compressed oops, compressed class ptrs, g1 gc, windows-amd64)
GC Precious Log:
 CardTable entry size: 512
 Card Set container configuration: InlinePtr #cards 5 size 8 Array Of Cards #cards 12 size 40 Howl #buckets 4 coarsen threshold 1843 Howl Bitmap #cards 512 size 80 coarsen threshold 460 Card regions per heap region 1 cards per card region 2048
 CPUs: 4 total, 4 available
 Memory: 8088M
 Large Page Support: Disabled
 NUMA Support: Disabled
 Compressed Oops: Enabled (32-bit)
 Heap Region Size: 1M
 Heap Min Capacity: 8M
 Heap Initial Capacity: 128M
 Heap Max Capacity: 2G
 Pre-touch: Disabled
 Parallel Workers: 4
 Concurrent Workers: 1
 Concurrent Refinement Workers: 4
 Periodic GC: Disabled
Heap:
 garbage-first heap   total 72704K, used 57845K [0x0000000080000000, 0x0000000100000000)
  region size 1024K, 21 young (21504K), 4 survivors (4096K)
 Metaspace       used 54512K, committed 55552K, reserved 1114112K
  class space    used 7329K, committed 7808K, reserved 1048576K
GC Heap History (20 events):
Event: 37.441 GC heap before
{Heap before GC invocations=6 (full 0):
 garbage-first heap   total 68608K, used 52420K [0x0000000080000000, 0x0000000100000000)
  region size 1024K, 35 young (35840K), 4 survivors (4096K)
 Metaspace       used 32153K, committed 32704K, reserved 1114112K
  class space    used 4347K, committed 4608K, reserved 1048576K
}
Event: 37.458 GC heap after
{Heap after GC invocations=7 (full 0):
 garbage-first heap   total 68608K, used 24422K [0x0000000080000000, 0x0000000100000000)
  region size 1024K, 5 young (5120K), 5 survivors (5120K)
 Metaspace       used 32153K, committed 32704K, reserved 1114112K
  class space    used 4347K, committed 4608K, reserved 1048576K
}
Event: 39.975 GC heap before
{Heap before GC invocations=7 (full 0):
 garbage-first heap   total 68608K, used 44902K [0x0000000080000000, 0x0000000100000000)
  region size 1024K, 26 young (26624K), 5 survivors (5120K)
 Metaspace       used 35161K, committed 35968K, reserved 1114112K
  class space    used 4860K, committed 5248K, reserved 1048576K
}
Event: 39.995 GC heap after
{Heap after GC invocations=8 (full 0):
 garbage-first heap   total 68608K, used 25219K [0x0000000080000000, 0x0000000100000000)
  region size 1024K, 4 young (4096K), 4 survivors (4096K)
 Metaspace       used 35161K, committed 35968K, reserved 1114112K
  class space    used 4860K, committed 5248K, reserved 1048576K
}
Event: 48.467 GC heap before
{Heap before GC invocations=9 (full 0):
 garbage-first heap   total 68608K, used 55939K [0x0000000080000000, 0x0000000100000000)
  region size 1024K, 35 young (35840K), 4 survivors (4096K)
 Metaspace       used 40689K, committed 41536K, reserved 1114112K
  class space    used 5667K, committed 6080K, reserved 1048576K
}
Event: 48.492 GC heap after
{Heap after GC invocations=10 (full 0):
 garbage-first heap   total 68608K, used 27507K [0x0000000080000000, 0x0000000100000000)
  region size 1024K, 4 young (4096K), 4 survivors (4096K)
 Metaspace       used 40689K, committed 41536K, reserved 1114112K
  class space    used 5667K, committed 6080K, reserved 1048576K
}
Event: 50.575 GC heap before
{Heap before GC invocations=10 (full 0):
 garbage-first heap   total 68608K, used 56179K [0x0000000080000000, 0x0000000100000000)
  region size 1024K, 33 young (33792K), 4 survivors (4096K)
 Metaspace       used 44154K, committed 45056K, reserved 1114112K
  class space    used 6037K, committed 6464K, reserved 1048576K
}
Event: 50.598 GC heap after
{Heap after GC invocations=11 (full 0):
 garbage-first heap   total 68608K, used 31192K [0x0000000080000000, 0x0000000100000000)
  region size 1024K, 5 young (5120K), 5 survivors (5120K)
 Metaspace       used 44154K, committed 45056K, reserved 1114112K
  class space    used 6037K, committed 6464K, reserved 1048576K
}
Event: 58.087 GC heap before
{Heap before GC invocations=11 (full 0):
 garbage-first heap   total 68608K, used 62936K [0x0000000080000000, 0x0000000100000000)
  region size 1024K, 32 young (32768K), 5 survivors (5120K)
 Metaspace       used 48117K, committed 49152K, reserved 1114112K
  class space    used 6602K, committed 7104K, reserved 1048576K
}
Event: 58.110 GC heap after
{Heap after GC invocations=12 (full 0):
 garbage-first heap   total 72704K, used 33958K [0x0000000080000000, 0x0000000100000000)
  region size 1024K, 3 young (3072K), 3 survivors (3072K)
 Metaspace       used 48117K, committed 49152K, reserved 1114112K
  class space    used 6602K, committed 7104K, reserved 1048576K
}
Event: 62.098 GC heap before
{Heap before GC invocations=12 (full 0):
 garbage-first heap   total 72704K, used 62630K [0x0000000080000000, 0x0000000100000000)
  region size 1024K, 31 young (31744K), 3 survivors (3072K)
 Metaspace       used 49842K, committed 50816K, reserved 1114112K
  class space    used 6832K, committed 7296K, reserved 1048576K
}
Event: 62.114 GC heap after
{Heap after GC invocations=13 (full 0):
 garbage-first heap   total 72704K, used 36180K [0x0000000080000000, 0x0000000100000000)
  region size 1024K, 3 young (3072K), 3 survivors (3072K)
 Metaspace       used 49842K, committed 50816K, reserved 1114112K
  class space    used 6832K, committed 7296K, reserved 1048576K
}
Event: 63.362 GC heap before
{Heap before GC invocations=13 (full 0):
 garbage-first heap   total 72704K, used 62804K [0x0000000080000000, 0x0000000100000000)
  region size 1024K, 29 young (29696K), 3 survivors (3072K)
 Metaspace       used 49920K, committed 50880K, reserved 1114112K
  class space    used 6833K, committed 7296K, reserved 1048576K
}
Event: 63.373 GC heap after
{Heap after GC invocations=14 (full 0):
 garbage-first heap   total 72704K, used 37690K [0x0000000080000000, 0x0000000100000000)
  region size 1024K, 4 young (4096K), 4 survivors (4096K)
 Metaspace       used 49920K, committed 50880K, reserved 1114112K
  class space    used 6833K, committed 7296K, reserved 1048576K
}
Event: 64.475 GC heap before
{Heap before GC invocations=15 (full 0):
 garbage-first heap   total 72704K, used 62266K [0x0000000080000000, 0x0000000100000000)
  region size 1024K, 28 young (28672K), 4 survivors (4096K)
 Metaspace       used 49952K, committed 50944K, reserved 1114112K
  class space    used 6833K, committed 7296K, reserved 1048576K
}
Event: 64.496 GC heap after
{Heap after GC invocations=16 (full 0):
 garbage-first heap   total 72704K, used 38843K [0x0000000080000000, 0x0000000100000000)
  region size 1024K, 3 young (3072K), 3 survivors (3072K)
 Metaspace       used 49952K, committed 50944K, reserved 1114112K
  class space    used 6833K, committed 7296K, reserved 1048576K
}
Event: 65.692 GC heap before
{Heap before GC invocations=16 (full 0):
 garbage-first heap   total 72704K, used 62395K [0x0000000080000000, 0x0000000100000000)
  region size 1024K, 27 young (27648K), 3 survivors (3072K)
 Metaspace       used 50852K, committed 51840K, reserved 1114112K
  class space    used 6965K, committed 7424K, reserved 1048576K
}
Event: 65.707 GC heap after
{Heap after GC invocations=17 (full 0):
 garbage-first heap   total 72704K, used 39686K [0x0000000080000000, 0x0000000100000000)
  region size 1024K, 3 young (3072K), 3 survivors (3072K)
 Metaspace       used 50852K, committed 51840K, reserved 1114112K
  class space    used 6965K, committed 7424K, reserved 1048576K
}
Event: 68.396 GC heap before
{Heap before GC invocations=17 (full 0):
 garbage-first heap   total 72704K, used 64262K [0x0000000080000000, 0x0000000100000000)
  region size 1024K, 27 young (27648K), 3 survivors (3072K)
 Metaspace       used 52741K, committed 53760K, reserved 1114112K
  class space    used 7170K, committed 7616K, reserved 1048576K
}
Event: 68.412 GC heap after
{Heap after GC invocations=18 (full 0):
 garbage-first heap   total 72704K, used 41461K [0x0000000080000000, 0x0000000100000000)
  region size 1024K, 4 young (4096K), 4 survivors (4096K)
 Metaspace       used 52741K, committed 53760K, reserved 1114112K
  class space    used 7170K, committed 7616K, reserved 1048576K
}

